<?xml version="1.0" encoding="UTF-8"?>
<testsuite name="edu.luc.etl.cs313.android.shapes.android.TestDraw" tests="3" skipped="0" failures="0" errors="0" timestamp="2014-10-17T22:30:56" hostname="ares09x-SYX" time="0.06">
  <properties/>
  <testcase name="testSimpleGroup" classname="edu.luc.etl.cs313.android.shapes.android.TestDraw" time="0.047"/>
  <testcase name="testComplexGroup" classname="edu.luc.etl.cs313.android.shapes.android.TestDraw" time="0.01"/>
  <testcase name="testSimpleLocation" classname="edu.luc.etl.cs313.android.shapes.android.TestDraw" time="0.001"/>
  <system-out><![CDATA[]]></system-out>
  <system-err><![CDATA[]]></system-err>
</testsuite>
