<?xml version="1.0" encoding="UTF-8"?>
<testsuite name="edu.luc.etl.cs313.android.shapes.model.TestBoundingBoxer" tests="9" skipped="0" failures="0" errors="0" timestamp="2014-10-17T22:30:56" hostname="ares09x-SYX" time="0.002">
  <properties/>
  <testcase name="testLocation" classname="edu.luc.etl.cs313.android.shapes.model.TestBoundingBoxer" time="0.0"/>
  <testcase name="testOutline" classname="edu.luc.etl.cs313.android.shapes.model.TestBoundingBoxer" time="0.0"/>
  <testcase name="testPolygon" classname="edu.luc.etl.cs313.android.shapes.model.TestBoundingBoxer" time="0.0"/>
  <testcase name="testGroupSimple" classname="edu.luc.etl.cs313.android.shapes.model.TestBoundingBoxer" time="0.0"/>
  <testcase name="testCircle" classname="edu.luc.etl.cs313.android.shapes.model.TestBoundingBoxer" time="0.0"/>
  <testcase name="testFilled" classname="edu.luc.etl.cs313.android.shapes.model.TestBoundingBoxer" time="0.0"/>
  <testcase name="testGroupComplex" classname="edu.luc.etl.cs313.android.shapes.model.TestBoundingBoxer" time="0.001"/>
  <testcase name="testStroke" classname="edu.luc.etl.cs313.android.shapes.model.TestBoundingBoxer" time="0.0"/>
  <testcase name="testRectangle" classname="edu.luc.etl.cs313.android.shapes.model.TestBoundingBoxer" time="0.0"/>
  <system-out><![CDATA[]]></system-out>
  <system-err><![CDATA[]]></system-err>
</testsuite>
